<?xml version="1.0" encoding="UTF-8"?>
<!-- Generated by org.testng.reporters.JUnitXMLReporter -->
<testsuite ignored="0" hostname="LAPTOP-2OL3M2IP" failures="0" tests="2" name="Test" time="49.634" errors="0" timestamp="2022-02-06T19:56:11 IST">
  <testcase classname="com.internetBanking.TestCases.T_01_LoginTest" name="LoginTest" time="28.59"/>
  <testcase classname="com.internetBanking.TestCases.T_02_LoginDDt" name="LoginDDt" time="0.0">
    <skipped/>
  </testcase> <!-- LoginDDt -->
</testsuite> <!-- Test -->
